<?xml version="1.0" encoding="UTF-8"?>
<!-- Generated by org.testng.reporters.JUnitReportReporter -->
<testsuite hostname="Braidens-MacBook-Pro.local" failures="0" tests="1" name="pages.HomePageTest" time="8.430" errors="0" timestamp="19 Oct 2022 23:40:18 GMT" skipped="0">
  <testcase classname="pages.HomePageTest" name="testing" time="8.430"/>
</testsuite> <!-- pages.HomePageTest -->
